<?xml version="1.0" encoding="UTF-8"?>
<!-- Generated by org.testng.reporters.JUnitReportReporter -->
<testsuite skipped="0" hostname="DESKTOP-DSVPGO5" name="testingapi.apitrello" tests="1" failures="0" timestamp="07 Jan 2022 05:34:50 GMT" time="3.662" errors="0">
  <testcase name="createABoard" time="3.662" classname="testingapi.apitrello"/>
</testsuite> <!-- testingapi.apitrello -->
