<?xml version="1.0" encoding="UTF-8"?>
<!-- Generated by org.testng.reporters.JUnitReportReporter -->
<testsuite hostname="DESKTOP-DSVPGO5" failures="0" tests="1" name="testingapi.apitrello" time="2.346" errors="0" timestamp="03 Jan 2022 10:15:12 GMT" skipped="0">
  <testcase classname="testingapi.apitrello" name="createABoard" time="2.346"/>
</testsuite> <!-- testingapi.apitrello -->
